Nhap n = 15 = 15
15 = 14+1
15 = 13+2
15 = 13+1+1
15 = 12+3
15 = 12+2+1
15 = 12+1+1+1
15 = 11+4
15 = 11+3+1
15 = 11+2+2
15 = 11+2+1+1
15 = 11+1+1+1+1
15 = 10+5
15 = 10+4+1
15 = 10+3+2
15 = 10+3+1+1
15 = 10+2+2+1
15 = 10+2+1+1+1
15 = 10+1+1+1+1+1
15 = 9+6
15 = 9+5+1
15 = 9+4+2
15 = 9+4+1+1
15 = 9+3+3
15 = 9+3+2+1
15 = 9+3+1+1+1
15 = 9+2+2+2
15 = 9+2+2+1+1
15 = 9+2+1+1+1+1
15 = 9+1+1+1+1+1+1
15 = 8+7
15 = 8+6+1
15 = 8+5+2
15 = 8+5+1+1
15 = 8+4+3
15 = 8+4+2+1
15 = 8+4+1+1+1
15 = 8+3+3+1
15 = 8+3+2+2
15 = 8+3+2+1+1
15 = 8+3+1+1+1+1
15 = 8+2+2+2+1
15 = 8+2+2+1+1+1
15 = 8+2+1+1+1+1+1
15 = 8+1+1+1+1+1+1+1
15 = 7+7+1
15 = 7+6+2
15 = 7+6+1+1
15 = 7+5+3
15 = 7+5+2+1
15 = 7+5+1+1+1
15 = 7+4+4
15 = 7+4+3+1
15 = 7+4+2+2
15 = 7+4+2+1+1
15 = 7+4+1+1+1+1
15 = 7+3+3+2
15 = 7+3+3+1+1
15 = 7+3+2+2+1
15 = 7+3+2+1+1+1
15 = 7+3+1+1+1+1+1
15 = 7+2+2+2+2
15 = 7+2+2+2+1+1
15 = 7+2+2+1+1+1+1
15 = 7+2+1+1+1+1+1+1
15 = 7+1+1+1+1+1+1+1+1
15 = 6+6+3
15 = 6+6+2+1
15 = 6+6+1+1+1
15 = 6+5+4
15 = 6+5+3+1
15 = 6+5+2+2
15 = 6+5+2+1+1
15 = 6+5+1+1+1+1
15 = 6+4+4+1
15 = 6+4+3+2
15 = 6+4+3+1+1
15 = 6+4+2+2+1
15 = 6+4+2+1+1+1
15 = 6+4+1+1+1+1+1
15 = 6+3+3+3
15 = 6+3+3+2+1
15 = 6+3+3+1+1+1
15 = 6+3+2+2+2
15 = 6+3+2+2+1+1
15 = 6+3+2+1+1+1+1
15 = 6+3+1+1+1+1+1+1
15 = 6+2+2+2+2+1
15 = 6+2+2+2+1+1+1
15 = 6+2+2+1+1+1+1+1
15 = 6+2+1+1+1+1+1+1+1
15 = 6+1+1+1+1+1+1+1+1+1
15 = 5+5+5
15 = 5+5+4+1
15 = 5+5+3+2
15 = 5+5+3+1+1
15 = 5+5+2+2+1
15 = 5+5+2+1+1+1
15 = 5+5+1+1+1+1+1
15 = 5+4+4+2
15 = 5+4+4+1+1
15 = 5+4+3+3
15 = 5+4+3+2+1
15 = 5+4+3+1+1+1
15 = 5+4+2+2+2
15 = 5+4+2+2+1+1
15 = 5+4+2+1+1+1+1
15 = 5+4+1+1+1+1+1+1
15 = 5+3+3+3+1
15 = 5+3+3+2+2
15 = 5+3+3+2+1+1
15 = 5+3+3+1+1+1+1
15 = 5+3+2+2+2+1
15 = 5+3+2+2+1+1+1
15 = 5+3+2+1+1+1+1+1
15 = 5+3+1+1+1+1+1+1+1
15 = 5+2+2+2+2+2
15 = 5+2+2+2+2+1+1
15 = 5+2+2+2+1+1+1+1
15 = 5+2+2+1+1+1+1+1+1
15 = 5+2+1+1+1+1+1+1+1+1
15 = 5+1+1+1+1+1+1+1+1+1+1
15 = 4+4+4+3
15 = 4+4+4+2+1
15 = 4+4+4+1+1+1
15 = 4+4+3+3+1
15 = 4+4+3+2+2
15 = 4+4+3+2+1+1
15 = 4+4+3+1+1+1+1
15 = 4+4+2+2+2+1
15 = 4+4+2+2+1+1+1
15 = 4+4+2+1+1+1+1+1
15 = 4+4+1+1+1+1+1+1+1
15 = 4+3+3+3+2
15 = 4+3+3+3+1+1
15 = 4+3+3+2+2+1
15 = 4+3+3+2+1+1+1
15 = 4+3+3+1+1+1+1+1
15 = 4+3+2+2+2+2
15 = 4+3+2+2+2+1+1
15 = 4+3+2+2+1+1+1+1
15 = 4+3+2+1+1+1+1+1+1
15 = 4+3+1+1+1+1+1+1+1+1
15 = 4+2+2+2+2+2+1
15 = 4+2+2+2+2+1+1+1
15 = 4+2+2+2+1+1+1+1+1
15 = 4+2+2+1+1+1+1+1+1+1
15 = 4+2+1+1+1+1+1+1+1+1+1
15 = 4+1+1+1+1+1+1+1+1+1+1+1
15 = 3+3+3+3+3
15 = 3+3+3+3+2+1
15 = 3+3+3+3+1+1+1
15 = 3+3+3+2+2+2
15 = 3+3+3+2+2+1+1
15 = 3+3+3+2+1+1+1+1
15 = 3+3+3+1+1+1+1+1+1
15 = 3+3+2+2+2+2+1
15 = 3+3+2+2+2+1+1+1
15 = 3+3+2+2+1+1+1+1+1
15 = 3+3+2+1+1+1+1+1+1+1
15 = 3+3+1+1+1+1+1+1+1+1+1
15 = 3+2+2+2+2+2+2
15 = 3+2+2+2+2+2+1+1
15 = 3+2+2+2+2+1+1+1+1
15 = 3+2+2+2+1+1+1+1+1+1
15 = 3+2+2+1+1+1+1+1+1+1+1
15 = 3+2+1+1+1+1+1+1+1+1+1+1
15 = 3+1+1+1+1+1+1+1+1+1+1+1+1
15 = 2+2+2+2+2+2+2+1
15 = 2+2+2+2+2+2+1+1+1
15 = 2+2+2+2+2+1+1+1+1+1
15 = 2+2+2+2+1+1+1+1+1+1+1
15 = 2+2+2+1+1+1+1+1+1+1+1+1
15 = 2+2+1+1+1+1+1+1+1+1+1+1+1
15 = 2+1+1+1+1+1+1+1+1+1+1+1+1+1
15 = 1+1+1+1+1+1+1+1+1+1+1+1+1+1+1
